Start testing: Feb 17 16:41 CET
----------------------------------------------------------
1/1 Testing: GOOGLE_TESTS
1/1 Test: GOOGLE_TESTS
Command: "/home/wiktor/dim-cmd-line-tool/build/run_google_tests"
Directory: /home/wiktor/dim-cmd-line-tool/build
"GOOGLE_TESTS" start time: Feb 17 16:41 CET
Output:
----------------------------------------------------------
[==========] Running 4 tests from 1 test suite.
[----------] Global test environment set-up.
[----------] 4 tests from Logger
[ RUN      ] Logger.Debug
[38;2;0;255;0m[DEBUG] [0mDebug message
[       OK ] Logger.Debug (0 ms)
[ RUN      ] Logger.Info
[38;2;0;0;255m[INFO] [0mInfo message
[       OK ] Logger.Info (0 ms)
[ RUN      ] Logger.Warning
[38;2;255;255;0m[WARNING] [0mWarning message
[       OK ] Logger.Warning (0 ms)
[ RUN      ] Logger.Error
[38;2;255;0;0m[ERROR] [0mError message
[       OK ] Logger.Error (0 ms)
[----------] 4 tests from Logger (0 ms total)

[----------] Global test environment tear-down
[==========] 4 tests from 1 test suite ran. (0 ms total)
[  PASSED  ] 4 tests.
<end of output>
Test time =   0.00 sec
----------------------------------------------------------
Test Passed.
"GOOGLE_TESTS" end time: Feb 17 16:41 CET
"GOOGLE_TESTS" time elapsed: 00:00:00
----------------------------------------------------------

End testing: Feb 17 16:41 CET
